<?xml version="1.0" encoding="UTF-8"?>
<!-- Generated by org.testng.reporters.JUnitReportReporter -->
<testsuite skipped="0" hostname="DESKTOP-TA6EE9O" name="google.GoogleTest" tests="1" failures="0" timestamp="22 Feb 2020 05:23:32 GMT" time="17.182" errors="0">
  <testcase name="launchGoogle" time="17.182" classname="google.GoogleTest"/>
</testsuite> <!-- google.GoogleTest -->
