<?xml version="1.0" encoding="UTF-8"?>
<!-- Generated by org.testng.reporters.JUnitReportReporter -->
<testsuite skipped="0" hostname="DESKTOP-TA6EE9O" name="com.facebook.LoginProj.FaceBookTest" tests="1" failures="0" timestamp="23 Feb 2020 05:38:11 GMT" time="29.348" errors="0">
  <testcase name="launchFB" time="29.348" classname="com.facebook.LoginProj.FaceBookTest"/>
</testsuite> <!-- com.facebook.LoginProj.FaceBookTest -->
