<?xml version="1.0" encoding="UTF-8"?>
<!-- Generated by org.testng.reporters.JUnitReportReporter -->
<testsuite skipped="0" hostname="DESKTOP-TA6EE9O" name="google.GoogleTest" tests="1" failures="0" timestamp="23 Feb 2020 06:19:24 GMT" time="21.117" errors="0">
  <testcase name="launchGoogle" time="21.117" classname="google.GoogleTest"/>
</testsuite> <!-- google.GoogleTest -->
